  [1m[35m (0.1ms)[0m  [1m[34mSELECT sqlite_version(*)[0m
  [1m[35m (1.1ms)[0m  [1m[35mCREATE TABLE "schema_migrations" ("version" varchar NOT NULL PRIMARY KEY)[0m
  [1m[35m (1.3ms)[0m  [1m[35mCREATE TABLE "ar_internal_metadata" ("key" varchar NOT NULL PRIMARY KEY, "value" varchar, "created_at" datetime NOT NULL, "updated_at" datetime NOT NULL)[0m
  [1m[35m (0.3ms)[0m  [1m[34mSELECT "schema_migrations"."version" FROM "schema_migrations" ORDER BY "schema_migrations"."version" ASC[0m
Migrating to CreateProductTypes (20180817221553)
  [1m[35m (0.1ms)[0m  [1m[36mbegin transaction[0m
  [1m[35m (0.8ms)[0m  [1m[35mCREATE TABLE "product_types" ("id" INTEGER PRIMARY KEY AUTOINCREMENT NOT NULL, "name" varchar, "created_at" datetime NOT NULL, "updated_at" datetime NOT NULL)[0m
  [1m[35mSQL (0.4ms)[0m  [1m[32mINSERT INTO "schema_migrations" ("version") VALUES (?)[0m  [["version", "20180817221553"]]
  [1m[35m (2.7ms)[0m  [1m[36mcommit transaction[0m
  [1m[36mActiveRecord::InternalMetadata Load (0.5ms)[0m  [1m[34mSELECT  "ar_internal_metadata".* FROM "ar_internal_metadata" WHERE "ar_internal_metadata"."key" = ? LIMIT ?[0m  [["key", "environment"], ["LIMIT", 1]]
  [1m[35m (0.1ms)[0m  [1m[36mbegin transaction[0m
  [1m[35mSQL (0.7ms)[0m  [1m[32mINSERT INTO "ar_internal_metadata" ("key", "value", "created_at", "updated_at") VALUES (?, ?, ?, ?)[0m  [["key", "environment"], ["value", "development"], ["created_at", "2018-08-17 22:16:09.917925"], ["updated_at", "2018-08-17 22:16:09.917925"]]
  [1m[35m (3.0ms)[0m  [1m[36mcommit transaction[0m
  [1m[35m (0.3ms)[0m  [1m[34mSELECT "schema_migrations"."version" FROM "schema_migrations" ORDER BY "schema_migrations"."version" ASC[0m
Started GET "/" for 127.0.0.1 at 2018-08-17 15:16:24 -0700
  [1m[35m (0.4ms)[0m  [1m[34mSELECT "schema_migrations"."version" FROM "schema_migrations" ORDER BY "schema_migrations"."version" ASC[0m
Processing by Rails::WelcomeController#index as HTML
  Rendering /Users/jakey/.rvm/gems/ruby-2.4.1/gems/railties-5.1.6/lib/rails/templates/rails/welcome/index.html.erb
  Rendered /Users/jakey/.rvm/gems/ruby-2.4.1/gems/railties-5.1.6/lib/rails/templates/rails/welcome/index.html.erb (3.1ms)
Completed 200 OK in 29ms (Views: 12.1ms | ActiveRecord: 0.0ms)


Started GET "/products" for 127.0.0.1 at 2018-08-17 15:16:30 -0700
  
ActionController::RoutingError (No route matches [GET] "/products"):
  
actionpack (5.1.6) lib/action_dispatch/middleware/debug_exceptions.rb:63:in `call'
web-console (3.6.2) lib/web_console/middleware.rb:135:in `call_app'
web-console (3.6.2) lib/web_console/middleware.rb:30:in `block in call'
web-console (3.6.2) lib/web_console/middleware.rb:20:in `catch'
web-console (3.6.2) lib/web_console/middleware.rb:20:in `call'
actionpack (5.1.6) lib/action_dispatch/middleware/show_exceptions.rb:31:in `call'
railties (5.1.6) lib/rails/rack/logger.rb:36:in `call_app'
railties (5.1.6) lib/rails/rack/logger.rb:24:in `block in call'
activesupport (5.1.6) lib/active_support/tagged_logging.rb:69:in `block in tagged'
activesupport (5.1.6) lib/active_support/tagged_logging.rb:26:in `tagged'
activesupport (5.1.6) lib/active_support/tagged_logging.rb:69:in `tagged'
railties (5.1.6) lib/rails/rack/logger.rb:24:in `call'
sprockets-rails (3.2.1) lib/sprockets/rails/quiet_assets.rb:13:in `call'
actionpack (5.1.6) lib/action_dispatch/middleware/remote_ip.rb:79:in `call'
actionpack (5.1.6) lib/action_dispatch/middleware/request_id.rb:25:in `call'
rack (2.0.5) lib/rack/method_override.rb:22:in `call'
rack (2.0.5) lib/rack/runtime.rb:22:in `call'
activesupport (5.1.6) lib/active_support/cache/strategy/local_cache_middleware.rb:27:in `call'
actionpack (5.1.6) lib/action_dispatch/middleware/executor.rb:12:in `call'
actionpack (5.1.6) lib/action_dispatch/middleware/static.rb:125:in `call'
rack (2.0.5) lib/rack/sendfile.rb:111:in `call'
railties (5.1.6) lib/rails/engine.rb:522:in `call'
puma (3.12.0) lib/puma/configuration.rb:225:in `call'
puma (3.12.0) lib/puma/server.rb:658:in `handle_request'
puma (3.12.0) lib/puma/server.rb:472:in `process_client'
puma (3.12.0) lib/puma/server.rb:332:in `block in run'
puma (3.12.0) lib/puma/thread_pool.rb:133:in `block in spawn_thread'
Started GET "/product_types" for 127.0.0.1 at 2018-08-17 15:16:45 -0700
Processing by ProductTypesController#index as HTML
  Rendering product_types/index.html.erb within layouts/application
  [1m[36mProductType Load (0.3ms)[0m  [1m[34mSELECT "product_types".* FROM "product_types"[0m
  Rendered product_types/index.html.erb within layouts/application (4.5ms)
Completed 200 OK in 751ms (Views: 737.1ms | ActiveRecord: 0.9ms)


  [1m[35m (0.4ms)[0m  [1m[34mSELECT "schema_migrations"."version" FROM "schema_migrations" ORDER BY "schema_migrations"."version" ASC[0m
Migrating to CreateProductFields (20180817221904)
  [1m[35m (0.1ms)[0m  [1m[36mbegin transaction[0m
  [1m[35m (0.2ms)[0m  [1m[34mSELECT sqlite_version(*)[0m
  [1m[35m (1.2ms)[0m  [1m[35mCREATE TABLE "product_fields" ("id" INTEGER PRIMARY KEY AUTOINCREMENT NOT NULL, "name" varchar, "field_type" varchar, "required" boolean, "product_type_id" integer, "created_at" datetime NOT NULL, "updated_at" datetime NOT NULL, CONSTRAINT "fk_rails_d7f83850f0"
FOREIGN KEY ("product_type_id")
  REFERENCES "product_types" ("id")
)[0m
  [1m[35m (0.3ms)[0m  [1m[35mCREATE  INDEX "index_product_fields_on_product_type_id" ON "product_fields" ("product_type_id")[0m
  [1m[35mSQL (0.7ms)[0m  [1m[32mINSERT INTO "schema_migrations" ("version") VALUES (?)[0m  [["version", "20180817221904"]]
  [1m[35m (1.2ms)[0m  [1m[36mcommit transaction[0m
  [1m[36mActiveRecord::InternalMetadata Load (0.9ms)[0m  [1m[34mSELECT  "ar_internal_metadata".* FROM "ar_internal_metadata" WHERE "ar_internal_metadata"."key" = ? LIMIT ?[0m  [["key", "environment"], ["LIMIT", 1]]
  [1m[35m (0.1ms)[0m  [1m[36mbegin transaction[0m
  [1m[35m (0.1ms)[0m  [1m[36mcommit transaction[0m
  [1m[35m (0.1ms)[0m  [1m[34mSELECT "schema_migrations"."version" FROM "schema_migrations" ORDER BY "schema_migrations"."version" ASC[0m
  [1m[35m (0.1ms)[0m  [1m[34m            SELECT sql
            FROM sqlite_master
            WHERE name='index_product_fields_on_product_type_id' AND type='index'
            UNION ALL
            SELECT sql
            FROM sqlite_temp_master
            WHERE name='index_product_fields_on_product_type_id' AND type='index'
[0m
Started GET "/product_types" for 127.0.0.1 at 2018-08-17 15:30:05 -0700
  [1m[35m (0.4ms)[0m  [1m[34mSELECT "schema_migrations"."version" FROM "schema_migrations" ORDER BY "schema_migrations"."version" ASC[0m
Processing by ProductTypesController#index as HTML
Completed 500 Internal Server Error in 35ms (ActiveRecord: 0.5ms)


  
NoMethodError (undefined method `attr_accessible' for #<Class:0x007fe24261c7c8>
Did you mean?  attr_accessor):
  
app/models/product_type.rb:2:in `<class:ProductType>'
app/models/product_type.rb:1:in `<top (required)>'
app/controllers/product_types_controller.rb:7:in `index'
Started GET "/product_types" for 127.0.0.1 at 2018-08-17 15:31:09 -0700
Processing by ProductTypesController#index as HTML
Completed 500 Internal Server Error in 23ms


  
NoMethodError (undefined method `attr_accessible' for #<Class:0x007fe2435aee20>
Did you mean?  attr_accessor):
  
app/models/product_type.rb:2:in `<class:ProductType>'
app/models/product_type.rb:1:in `<top (required)>'
app/controllers/product_types_controller.rb:7:in `index'
Started GET "/product_types" for 127.0.0.1 at 2018-08-17 15:31:23 -0700
Processing by ProductTypesController#index as HTML
  Rendering product_types/index.html.erb within layouts/application
  [1m[36mProductType Load (0.5ms)[0m  [1m[34mSELECT "product_types".* FROM "product_types"[0m
  Rendered product_types/index.html.erb within layouts/application (6.2ms)
Completed 200 OK in 743ms (Views: 732.5ms | ActiveRecord: 1.7ms)


Started GET "/product_types/new" for 127.0.0.1 at 2018-08-17 15:31:25 -0700
Processing by ProductTypesController#new as HTML
  Rendering product_types/new.html.erb within layouts/application
  Rendered product_types/_form.html.erb (300.6ms)
  Rendered product_types/new.html.erb within layouts/application (310.1ms)
Completed 500 Internal Server Error in 355ms (ActiveRecord: 2.1ms)


  
ActionView::Template::Error (undefined local variable or method `f' for #<#<Class:0x007fe2436c4f30>:0x007fe242789980>):
    16:     <%= form.text_field :name, id: :product_type_name %>
    17:   </div>
    18: 
    19:   <%= f.fields_for :fields do |builder| %>
    20:     <%= render 'field_fields', f: builder %>
    21:   <% end %>
    22:   <%= link_to_add_fields "Add Field", f, :fields %>
  
app/views/product_types/_form.html.erb:19:in `block in _app_views_product_types__form_html_erb__996981589462712885_70304877302460'
app/views/product_types/_form.html.erb:1:in `_app_views_product_types__form_html_erb__996981589462712885_70304877302460'
app/views/product_types/new.html.erb:3:in `_app_views_product_types_new_html_erb__777290160071269752_70304877271260'
Started GET "/product_types/new" for 127.0.0.1 at 2018-08-17 15:32:24 -0700
Processing by ProductTypesController#new as HTML
  Rendering product_types/new.html.erb within layouts/application
  Rendered product_types/_form.html.erb (244.5ms)
  Rendered product_types/new.html.erb within layouts/application (248.0ms)
Completed 500 Internal Server Error in 262ms (ActiveRecord: 0.0ms)


  
ActionView::Template::Error (undefined local variable or method `f' for #<#<Class:0x007fe2436c4f30>:0x007fe242dbacf0>):
    16:     <%= form.text_field :name, id: :product_type_name %>
    17:   </div>
    18: 
    19:   <%= f.fields_for :fields do |builder| %>
    20:     <%= render 'field_fields', f: builder %>
    21:   <% end %>
    22:   <%= link_to_add_fields "Add Field", f, :fields %>
  
app/views/product_types/_form.html.erb:19:in `block in _app_views_product_types__form_html_erb__996981589462712885_70304923476700'
app/views/product_types/_form.html.erb:1:in `_app_views_product_types__form_html_erb__996981589462712885_70304923476700'
app/views/product_types/new.html.erb:3:in `_app_views_product_types_new_html_erb__777290160071269752_70304880515940'
Started GET "/product_types/new" for 127.0.0.1 at 2018-08-17 15:32:37 -0700
Processing by ProductTypesController#new as HTML
  Rendering product_types/new.html.erb within layouts/application
  Rendered product_types/_field_fields.html.erb (14.8ms)
  Rendered product_types/_form.html.erb (80.7ms)
  Rendered product_types/new.html.erb within layouts/application (87.8ms)
Completed 200 OK in 153ms (Views: 145.2ms | ActiveRecord: 2.6ms)


Started GET "/product_types/new" for 127.0.0.1 at 2018-08-17 15:32:46 -0700
Processing by ProductTypesController#new as HTML
  Rendering product_types/new.html.erb within layouts/application
  Rendered product_types/_field_fields.html.erb (3.5ms)
  Rendered product_types/_form.html.erb (14.9ms)
  Rendered product_types/new.html.erb within layouts/application (22.1ms)
Completed 200 OK in 71ms (Views: 67.1ms | ActiveRecord: 0.0ms)


Started GET "/product_types/new" for 127.0.0.1 at 2018-08-17 15:32:49 -0700
Processing by ProductTypesController#new as HTML
  Rendering product_types/new.html.erb within layouts/application
  Rendered product_types/_field_fields.html.erb (5.0ms)
  Rendered product_types/_form.html.erb (33.4ms)
  Rendered product_types/new.html.erb within layouts/application (49.9ms)
Completed 200 OK in 95ms (Views: 88.8ms | ActiveRecord: 0.0ms)


Started GET "/product_types/new" for 127.0.0.1 at 2018-08-17 15:33:03 -0700
Processing by ProductTypesController#new as HTML
  Rendering product_types/new.html.erb within layouts/application
  Rendered product_types/_field_fields.html.erb (1.9ms)
  Rendered product_types/_form.html.erb (7.8ms)
  Rendered product_types/new.html.erb within layouts/application (12.3ms)
Completed 200 OK in 70ms (Views: 66.3ms | ActiveRecord: 0.0ms)


Started GET "/product_types/new" for 127.0.0.1 at 2018-08-17 15:33:16 -0700
Processing by ProductTypesController#new as HTML
  Rendering product_types/new.html.erb within layouts/application
  Rendered product_types/_field_fields.html.erb (5.4ms)
  Rendered product_types/_form.html.erb (22.2ms)
  Rendered product_types/new.html.erb within layouts/application (26.5ms)
Completed 200 OK in 88ms (Views: 83.2ms | ActiveRecord: 0.0ms)


Started GET "/product_types/new" for 127.0.0.1 at 2018-08-17 15:33:24 -0700
Processing by ProductTypesController#new as HTML
  Rendering product_types/new.html.erb within layouts/application
  Rendered product_types/_field_fields.html.erb (3.8ms)
  Rendered product_types/_form.html.erb (11.8ms)
  Rendered product_types/new.html.erb within layouts/application (17.7ms)
Completed 200 OK in 50ms (Views: 46.0ms | ActiveRecord: 0.0ms)


Started GET "/product_types/new" for 127.0.0.1 at 2018-08-17 15:33:26 -0700
Processing by ProductTypesController#new as HTML
  Rendering product_types/new.html.erb within layouts/application
  Rendered product_types/_field_fields.html.erb (5.3ms)
  Rendered product_types/_form.html.erb (14.9ms)
  Rendered product_types/new.html.erb within layouts/application (18.6ms)
Completed 200 OK in 67ms (Views: 62.6ms | ActiveRecord: 0.0ms)


Started GET "/product_types/new" for 127.0.0.1 at 2018-08-17 15:34:53 -0700
  [1m[35m (0.4ms)[0m  [1m[34mSELECT "schema_migrations"."version" FROM "schema_migrations" ORDER BY "schema_migrations"."version" ASC[0m
Processing by ProductTypesController#new as HTML
  Rendering product_types/new.html.erb within layouts/application
  Rendered product_types/_field_fields.html.erb (5.0ms)
  Rendered product_types/_form.html.erb (46.1ms)
  Rendered product_types/new.html.erb within layouts/application (49.6ms)
Completed 200 OK in 579ms (Views: 545.1ms | ActiveRecord: 1.2ms)


Started GET "/product_types/new" for 127.0.0.1 at 2018-08-17 15:35:25 -0700
Processing by ProductTypesController#new as HTML
  Rendering product_types/new.html.erb within layouts/application
  Rendered product_types/_field_fields.html.erb (2.5ms)
  Rendered product_types/_form.html.erb (11.5ms)
  Rendered product_types/new.html.erb within layouts/application (14.5ms)
Completed 200 OK in 59ms (Views: 53.8ms | ActiveRecord: 0.0ms)


Started GET "/product_types/new" for 127.0.0.1 at 2018-08-17 15:35:34 -0700
Processing by ProductTypesController#new as HTML
  Rendering product_types/new.html.erb within layouts/application
  Rendered product_types/_field_fields.html.erb (2.7ms)
  Rendered product_types/_form.html.erb (13.5ms)
  Rendered product_types/new.html.erb within layouts/application (18.6ms)
Completed 200 OK in 79ms (Views: 74.1ms | ActiveRecord: 0.0ms)


Started POST "/product_types" for 127.0.0.1 at 2018-08-17 15:36:20 -0700
Processing by ProductTypesController#create as HTML
  Parameters: {"utf8"=>"✓", "authenticity_token"=>"UhwoNIwzCQDLf4B45gQIvKGHu5FmIiqyzHi5XAGMLKGzcjw+xwOBUOYK2vdIiUlf+3h11j7xDvpRaj7LymRmeA==", "product_type"=>{"name"=>"Book", "fields_attributes"=>{"1534545335448"=>{"field_type"=>"text_field", "name"=>"author", "required"=>"1", "_destroy"=>"false"}, "1534545336052"=>{"field_type"=>"text_field", "name"=>"page_count", "required"=>"0", "_destroy"=>"false"}, "1534545337096"=>{"field_type"=>"check_box", "name"=>"paperback", "required"=>"0", "_destroy"=>"false"}}}, "commit"=>"Create Product type"}
Unpermitted parameter: :fields_attributes
  [1m[35m (0.2ms)[0m  [1m[36mbegin transaction[0m
  [1m[35mSQL (1.3ms)[0m  [1m[32mINSERT INTO "product_types" ("created_at", "updated_at") VALUES (?, ?)[0m  [["created_at", "2018-08-17 22:36:20.210477"], ["updated_at", "2018-08-17 22:36:20.210477"]]
  [1m[35m (1.6ms)[0m  [1m[36mcommit transaction[0m
Redirected to http://localhost:3000/product_types/1
Completed 302 Found in 13ms (ActiveRecord: 3.1ms)


Started GET "/product_types/1" for 127.0.0.1 at 2018-08-17 15:36:20 -0700
Processing by ProductTypesController#show as HTML
  Parameters: {"id"=>"1"}
  [1m[36mProductType Load (0.4ms)[0m  [1m[34mSELECT  "product_types".* FROM "product_types" WHERE "product_types"."id" = ? LIMIT ?[0m  [["id", 1], ["LIMIT", 1]]
  Rendering product_types/show.html.erb within layouts/application
  Rendered product_types/show.html.erb within layouts/application (1.4ms)
Completed 200 OK in 79ms (Views: 60.0ms | ActiveRecord: 0.4ms)


Started GET "/product_types/1/edit" for 127.0.0.1 at 2018-08-17 15:36:22 -0700
Processing by ProductTypesController#edit as HTML
  Parameters: {"id"=>"1"}
  [1m[36mProductType Load (0.3ms)[0m  [1m[34mSELECT  "product_types".* FROM "product_types" WHERE "product_types"."id" = ? LIMIT ?[0m  [["id", 1], ["LIMIT", 1]]
  Rendering product_types/edit.html.erb within layouts/application
  [1m[36mProductField Load (0.7ms)[0m  [1m[34mSELECT "product_fields".* FROM "product_fields" WHERE "product_fields"."product_type_id" = ?[0m  [["product_type_id", 1]]
  Rendered product_types/_field_fields.html.erb (3.4ms)
  Rendered product_types/_form.html.erb (28.4ms)
  Rendered product_types/edit.html.erb within layouts/application (38.0ms)
Completed 200 OK in 88ms (Views: 80.4ms | ActiveRecord: 1.0ms)


Started GET "/product_types/1" for 127.0.0.1 at 2018-08-17 15:49:48 -0700
Processing by ProductTypesController#show as HTML
  Parameters: {"id"=>"1"}
  [1m[36mProductType Load (1.5ms)[0m  [1m[34mSELECT  "product_types".* FROM "product_types" WHERE "product_types"."id" = ? LIMIT ?[0m  [["id", 1], ["LIMIT", 1]]
  Rendering product_types/show.html.erb within layouts/application
  Rendered product_types/show.html.erb within layouts/application (5.2ms)
Completed 200 OK in 158ms (Views: 123.9ms | ActiveRecord: 1.5ms)


Started GET "/product_types" for 127.0.0.1 at 2018-08-17 15:49:50 -0700
Processing by ProductTypesController#index as HTML
  Rendering product_types/index.html.erb within layouts/application
  [1m[36mProductType Load (0.5ms)[0m  [1m[34mSELECT "product_types".* FROM "product_types"[0m
  Rendered product_types/index.html.erb within layouts/application (8.6ms)
Completed 200 OK in 61ms (Views: 56.1ms | ActiveRecord: 0.5ms)


Started GET "/product_types/1/edit" for 127.0.0.1 at 2018-08-17 15:49:54 -0700
Processing by ProductTypesController#edit as HTML
  Parameters: {"id"=>"1"}
  [1m[36mProductType Load (0.3ms)[0m  [1m[34mSELECT  "product_types".* FROM "product_types" WHERE "product_types"."id" = ? LIMIT ?[0m  [["id", 1], ["LIMIT", 1]]
  Rendering product_types/edit.html.erb within layouts/application
  [1m[36mProductField Load (0.2ms)[0m  [1m[34mSELECT "product_fields".* FROM "product_fields" WHERE "product_fields"."product_type_id" = ?[0m  [["product_type_id", 1]]
  Rendered product_types/_field_fields.html.erb (12.5ms)
  Rendered product_types/_form.html.erb (28.4ms)
  Rendered product_types/edit.html.erb within layouts/application (36.7ms)
Completed 200 OK in 84ms (Views: 75.8ms | ActiveRecord: 0.5ms)


Started PATCH "/product_types/1" for 127.0.0.1 at 2018-08-17 15:49:57 -0700
Processing by ProductTypesController#update as HTML
  Parameters: {"utf8"=>"✓", "authenticity_token"=>"I0lgcV7hRxJFDajmTwq5HAnONLkIltju6A4FmKUM/TqfmCx6/7Kt02WKDfuCrkjoE+aEhydSkKMZhvVh90aQTA==", "product_type"=>{"name"=>"Book"}, "commit"=>"Update Product type", "id"=>"1"}
  [1m[36mProductType Load (0.2ms)[0m  [1m[34mSELECT  "product_types".* FROM "product_types" WHERE "product_types"."id" = ? LIMIT ?[0m  [["id", 1], ["LIMIT", 1]]
  [1m[35m (0.2ms)[0m  [1m[36mbegin transaction[0m
  [1m[35m (0.1ms)[0m  [1m[36mcommit transaction[0m
Redirected to http://localhost:3000/product_types/1
Completed 302 Found in 15ms (ActiveRecord: 0.5ms)


Started GET "/product_types/1" for 127.0.0.1 at 2018-08-17 15:49:57 -0700
Processing by ProductTypesController#show as HTML
  Parameters: {"id"=>"1"}
  [1m[36mProductType Load (0.4ms)[0m  [1m[34mSELECT  "product_types".* FROM "product_types" WHERE "product_types"."id" = ? LIMIT ?[0m  [["id", 1], ["LIMIT", 1]]
  Rendering product_types/show.html.erb within layouts/application
  Rendered product_types/show.html.erb within layouts/application (2.0ms)
Completed 200 OK in 28ms (Views: 24.1ms | ActiveRecord: 0.4ms)


Started GET "/product_types" for 127.0.0.1 at 2018-08-17 15:49:59 -0700
Processing by ProductTypesController#index as HTML
  Rendering product_types/index.html.erb within layouts/application
  [1m[36mProductType Load (0.3ms)[0m  [1m[34mSELECT "product_types".* FROM "product_types"[0m
  Rendered product_types/index.html.erb within layouts/application (3.7ms)
Completed 200 OK in 75ms (Views: 70.9ms | ActiveRecord: 0.3ms)


Started GET "/product_types/1" for 127.0.0.1 at 2018-08-17 15:55:31 -0700
Processing by ProductTypesController#show as HTML
  Parameters: {"id"=>"1"}
Completed 500 Internal Server Error in 35ms


  
NoMethodError (undefined method `attr_accessible' for #<Class:0x007fea37ada9c0>
Did you mean?  attr_accessor):
  
app/models/product_type.rb:2:in `<class:ProductType>'
app/models/product_type.rb:1:in `<top (required)>'
app/controllers/product_types_controller.rb:67:in `set_product_type'
Started GET "/product_types/1" for 127.0.0.1 at 2018-08-17 15:55:45 -0700
Processing by ProductTypesController#show as HTML
  Parameters: {"id"=>"1"}
  [1m[36mProductType Load (1.6ms)[0m  [1m[34mSELECT  "product_types".* FROM "product_types" WHERE "product_types"."id" = ? LIMIT ?[0m  [["id", 1], ["LIMIT", 1]]
  Rendering product_types/show.html.erb within layouts/application
  Rendered product_types/show.html.erb within layouts/application (7.6ms)
Completed 200 OK in 81ms (Views: 50.7ms | ActiveRecord: 3.5ms)


Started GET "/product_types/1/edit" for 127.0.0.1 at 2018-08-17 15:55:51 -0700
Processing by ProductTypesController#edit as HTML
  Parameters: {"id"=>"1"}
  [1m[36mProductType Load (0.2ms)[0m  [1m[34mSELECT  "product_types".* FROM "product_types" WHERE "product_types"."id" = ? LIMIT ?[0m  [["id", 1], ["LIMIT", 1]]
  Rendering product_types/edit.html.erb within layouts/application
  Rendered product_types/_form.html.erb (101.5ms)
  Rendered product_types/edit.html.erb within layouts/application (105.7ms)
Completed 500 Internal Server Error in 118ms (ActiveRecord: 49.5ms)


  
ActionView::Template::Error (undefined method `attr_accessible' for #<Class:0x007fea3a52fb08>
Did you mean?  attr_accessor):
    17: 
    18:   <br>
    19: 
    20:   <%= f.fields_for :fields do |builder| %>
    21:     <%= render 'field_fields', f: builder %>
    22:     <br>
    23:   <% end %>
  
app/models/product_field.rb:3:in `<class:ProductField>'
app/models/product_field.rb:1:in `<top (required)>'
app/views/product_types/_form.html.erb:20:in `block in _app_views_product_types__form_html_erb__3341856730226913156_70321988953580'
app/views/product_types/_form.html.erb:1:in `_app_views_product_types__form_html_erb__3341856730226913156_70321988953580'
app/views/product_types/edit.html.erb:3:in `_app_views_product_types_edit_html_erb__3118536715522558510_70321992502400'
Started GET "/product_types/1/edit" for 127.0.0.1 at 2018-08-17 15:56:03 -0700
Processing by ProductTypesController#edit as HTML
  Parameters: {"id"=>"1"}
  [1m[36mProductType Load (0.3ms)[0m  [1m[34mSELECT  "product_types".* FROM "product_types" WHERE "product_types"."id" = ? LIMIT ?[0m  [["id", 1], ["LIMIT", 1]]
  Rendering product_types/edit.html.erb within layouts/application
  [1m[36mProductField Load (0.3ms)[0m  [1m[34mSELECT "product_fields".* FROM "product_fields" WHERE "product_fields"."product_type_id" = ?[0m  [["product_type_id", 1]]
  Rendered product_types/_field_fields.html.erb (5.4ms)
  Rendered product_types/_form.html.erb (54.1ms)
  Rendered product_types/edit.html.erb within layouts/application (58.5ms)
Completed 200 OK in 136ms (Views: 109.4ms | ActiveRecord: 3.1ms)


  [1m[36mProductType Load (1.6ms)[0m  [1m[34mSELECT  "product_types".* FROM "product_types" LIMIT ?[0m  [["LIMIT", 11]]
